

Implementation tool: Xilinx Vivado v.2023.2
Project:             depolarize_hls
Solution:            solution1
Device target:       xc7a200t-fbg484-1
Report date:         Thu Apr 25 17:04:30 CEST 2024

#=== Post-Implementation Resource usage ===
SLICE:         1286
LUT:           3118
FF:            4826
DSP:             12
BRAM:             2
URAM:             0
LATCH:            0
SRL:            162
CLB:              0

#=== Final timing ===
CP required:                     10.000
CP achieved post-synthesis:      6.195
CP achieved post-implementation: 6.782
Timing met
