#-----------------------------------------------------------
# Vivado v2023.2 (64-bit)
# SW Build 4029153 on Fri Oct 13 20:13:54 MDT 2023
# IP Build 4028589 on Sat Oct 14 00:45:43 MDT 2023
# SharedData Build 4025554 on Tue Oct 10 17:18:54 MDT 2023
# Start of session at: Thu Apr 25 17:00:49 2024
# Process ID: 313025
# Current directory: /home/miahafiz/BCPNN_HLS/HLS_Proj/depolarize_hls/solution1/impl/ip
# Command line: vivado -notrace -mode batch -source run_ippack.tcl
# Log file: /home/miahafiz/BCPNN_HLS/HLS_Proj/depolarize_hls/solution1/impl/ip/vivado.log
# Journal file: /home/miahafiz/BCPNN_HLS/HLS_Proj/depolarize_hls/solution1/impl/ip/vivado.jou
# Running On: miahafiz, OS: Linux, CPU Frequency: 2188.810 MHz, CPU Physical cores: 10, Host memory: 16423 MB
#-----------------------------------------------------------
source run_ippack.tcl -notrace
INFO: [IP_Flow 19-234] Refreshing IP repositories
INFO: [IP_Flow 19-1704] No user IP repositories specified
INFO: [IP_Flow 19-2313] Loaded Vivado IP repository '/tools/Xilinx/Vivado/2023.2/data/ip'.
INFO: [IP_Flow 19-1686] Generating 'Synthesis' target for IP 'depolarize_hls_fadd_32ns_32ns_32_6_no_dsp_1_ip'...
INFO: [IP_Flow 19-1686] Generating 'Simulation' target for IP 'depolarize_hls_fadd_32ns_32ns_32_6_no_dsp_1_ip'...
INFO: [IP_Flow 19-1686] Generating 'Synthesis' target for IP 'depolarize_hls_fadd_32ns_32ns_32_7_full_dsp_1_ip'...
INFO: [IP_Flow 19-1686] Generating 'Simulation' target for IP 'depolarize_hls_fadd_32ns_32ns_32_7_full_dsp_1_ip'...
INFO: [IP_Flow 19-1686] Generating 'Synthesis' target for IP 'depolarize_hls_fmul_32ns_32ns_32_4_max_dsp_1_ip'...
INFO: [IP_Flow 19-1686] Generating 'Simulation' target for IP 'depolarize_hls_fmul_32ns_32ns_32_4_max_dsp_1_ip'...
INFO: [IP_Flow 19-234] Refreshing IP repositories
INFO: [IP_Flow 19-1704] No user IP repositories specified
INFO: [IP_Flow 19-2313] Loaded Vivado IP repository '/tools/Xilinx/Vivado/2023.2/data/ip'.
INFO: [Common 17-206] Exiting Vivado at Thu Apr 25 17:00:59 2024...
