

================================================================
== Vitis HLS Report for 'depolarize_hls_Pipeline_store_bwsup'
================================================================
* Date:           Thu Apr 25 16:51:31 2024

* Version:        2023.2 (Build 4023990 on Oct 11 2023)
* Project:        depolarize_hls
* Solution:       solution1 (Vivado IP Flow Target)
* Product family: artix7
* Target device:  xc7a200t-fbg484-1


================================================================
== Performance Estimates
================================================================
+ Timing: 
    * Summary: 
    +--------+----------+----------+------------+
    |  Clock |  Target  | Estimated| Uncertainty|
    +--------+----------+----------+------------+
    |ap_clk  |  10.00 ns|  7.300 ns|     2.70 ns|
    +--------+----------+----------+------------+

+ Latency: 
    * Summary: 
    +---------+---------+-----------+-----------+------+------+---------+
    |  Latency (cycles) |   Latency (absolute)  |   Interval  | Pipeline|
    |   min   |   max   |    min    |    max    |  min |  max |   Type  |
    +---------+---------+-----------+-----------+------+------+---------+
    |     1003|     1003|  10.030 us|  10.030 us|  1003|  1003|       no|
    +---------+---------+-----------+-----------+------+------+---------+

    + Detail: 
        * Instance: 
        N/A

        * Loop: 
        +---------------+---------+---------+----------+-----------+-----------+------+----------+
        |               |  Latency (cycles) | Iteration|  Initiation Interval  | Trip |          |
        |   Loop Name   |   min   |   max   |  Latency |  achieved |   target  | Count| Pipelined|
        +---------------+---------+---------+----------+-----------+-----------+------+----------+
        |- store_bwsup  |     1001|     1001|         3|          1|          1|  1000|       yes|
        +---------------+---------+---------+----------+-----------+-----------+------+----------+

============================================================
+ Verbose Summary: Synthesis Manager
============================================================
InlineROM: 1
ExposeGlobal: 0
============================================================
+ Verbose Summary: CDFG Model
============================================================
IsTopModel: 0
ResetActiveHigh: 1
IsCombinational: 0
IsDatapathOnly: 0
HasWiredReturn: 1
HasMFsm: 2
HasVarLatency: 1
IsPipeline: 0
IsRtlPipelined: 0
IsInstanceOverlapped: 0
IsDontTouch: 0
HasImplIP: 0
IsGatedGlobalClock: 0

+ Individual pipeline summary: 
  * Pipeline-0: initiation interval (II) = 1, depth = 3


============================================================
+ Verbose Summary: Schedule
============================================================
* Number of FSM states : 3
* Pipeline : 1
  Pipeline-0 : II = 1, D = 3, States = { 1 2 3 }
* Dataflow Pipeline: 0

* FSM state transitions: 
1 --> 2 
2 --> 3 
3 --> 

* FSM state operations: 

State 1 <SV = 0> <Delay = 5.88>
ST_1 : Operation 6 [1/1] (0.00ns)   --->   "%j = alloca i32 1" [../src_hls/Prj.cpp:554->../src_hls/Prj.cpp:581]   --->   Operation 6 'alloca' 'j' <Predicate = true> <Delay = 0.00>
ST_1 : Operation 7 [1/1] (0.00ns)   --->   "%sext_ln554_read = read i62 @_ssdm_op_Read.ap_auto.i62, i62 %sext_ln554"   --->   Operation 7 'read' 'sext_ln554_read' <Predicate = true> <Delay = 0.00>
ST_1 : Operation 8 [1/1] (0.00ns)   --->   "%tmp = read i31 @_ssdm_op_Read.ap_auto.i31, i31 %empty"   --->   Operation 8 'read' 'tmp' <Predicate = true> <Delay = 0.00>
ST_1 : Operation 9 [1/1] (0.00ns)   --->   "%sext_ln554_cast = sext i62 %sext_ln554_read"   --->   Operation 9 'sext' 'sext_ln554_cast' <Predicate = true> <Delay = 0.00>
ST_1 : Operation 10 [1/1] (0.00ns)   --->   "%specinterface_ln0 = specinterface void @_ssdm_op_SpecInterface, i32 %bwsup_stream_out, void @empty_7, i32 0, i32 0, void @empty_4, i32 0, i32 0, void @empty_4, void @empty_4, void @empty_4, i32 0, i32 0, i32 0, i32 0, void @empty_4, void @empty_4, i32 4294967295, i32 0"   --->   Operation 10 'specinterface' 'specinterface_ln0' <Predicate = true> <Delay = 0.00>
ST_1 : Operation 11 [1/1] (0.00ns)   --->   "%specinterface_ln0 = specinterface void @_ssdm_op_SpecInterface, i32 %gmem, void @empty_16, i32 0, i32 0, void @empty_4, i32 0, i32 1000, void @empty_3, void @empty_2, void @empty_4, i32 16, i32 16, i32 16, i32 16, void @empty_4, void @empty_4, i32 4294967295, i32 0"   --->   Operation 11 'specinterface' 'specinterface_ln0' <Predicate = true> <Delay = 0.00>
ST_1 : Operation 12 [1/1] (1.61ns)   --->   "%store_ln554 = store i31 0, i31 %j" [../src_hls/Prj.cpp:554->../src_hls/Prj.cpp:581]   --->   Operation 12 'store' 'store_ln554' <Predicate = true> <Delay = 1.61>
ST_1 : Operation 13 [1/1] (0.00ns)   --->   "%br_ln0 = br void %for.body.i6"   --->   Operation 13 'br' 'br_ln0' <Predicate = true> <Delay = 0.00>
ST_1 : Operation 14 [1/1] (0.00ns)   --->   "%j_1 = load i31 %j" [../src_hls/Prj.cpp:554->../src_hls/Prj.cpp:581]   --->   Operation 14 'load' 'j_1' <Predicate = true> <Delay = 0.00>
ST_1 : Operation 15 [1/1] (0.00ns)   --->   "%specbitsmap_ln0 = specbitsmap void @_ssdm_op_SpecBitsMap, i32 %gmem"   --->   Operation 15 'specbitsmap' 'specbitsmap_ln0' <Predicate = true> <Delay = 0.00>
ST_1 : Operation 16 [1/1] (2.66ns)   --->   "%icmp_ln554 = icmp_eq  i31 %j_1, i31 %tmp" [../src_hls/Prj.cpp:554->../src_hls/Prj.cpp:581]   --->   Operation 16 'icmp' 'icmp_ln554' <Predicate = true> <Delay = 2.66> <CoreInst = "Cmp">   --->   Core 9 'Cmp' <Latency = 0> <II = 1> <Delay = 2.66> <FuncUnit> <Opcode : 'icmp'> <InPorts = 2> <OutPorts = 1>
ST_1 : Operation 17 [1/1] (2.66ns)   --->   "%add_ln554 = add i31 %j_1, i31 1" [../src_hls/Prj.cpp:554->../src_hls/Prj.cpp:581]   --->   Operation 17 'add' 'add_ln554' <Predicate = true> <Delay = 2.66> <CoreInst = "Adder">   --->   Core 1 'Adder' <Latency = 0> <II = 1> <Delay = 2.66> <FuncUnit> <Opcode : 'add' 'sub'> <InPorts = 2> <OutPorts = 1>
ST_1 : Operation 18 [1/1] (0.00ns)   --->   "%br_ln554 = br i1 %icmp_ln554, void %for.body.i6.split, void %_Z11store_bwsupRN3hls6streamIfLi0EEEPfi.exit.loopexit.exitStub" [../src_hls/Prj.cpp:554->../src_hls/Prj.cpp:581]   --->   Operation 18 'br' 'br_ln554' <Predicate = true> <Delay = 0.00>
ST_1 : Operation 19 [1/1] (1.61ns)   --->   "%store_ln554 = store i31 %add_ln554, i31 %j" [../src_hls/Prj.cpp:554->../src_hls/Prj.cpp:581]   --->   Operation 19 'store' 'store_ln554' <Predicate = (!icmp_ln554)> <Delay = 1.61>

State 2 <SV = 1> <Delay = 3.65>
ST_2 : Operation 20 [1/1] (3.65ns)   --->   "%bwsup_stream_out_read = read i32 @_ssdm_op_Read.ap_fifo.volatile.i32P0A, i32 %bwsup_stream_out" [../src_hls/Prj.cpp:557->../src_hls/Prj.cpp:581]   --->   Operation 20 'read' 'bwsup_stream_out_read' <Predicate = true> <Delay = 3.65> <CoreInst = "FIFO_SRL">   --->   Core 81 'FIFO_SRL' <Latency = 0> <II = 1> <Delay = 3.90> <Storage> <Opcode : 'read' 'write' 'nbread' 'nbwrite'> <Ports = 0> <Width = 32> <Depth = 2> <FIFO>
ST_2 : Operation 27 [1/1] (0.00ns)   --->   "%ret_ln0 = ret"   --->   Operation 27 'ret' 'ret_ln0' <Predicate = (icmp_ln554)> <Delay = 0.00>

State 3 <SV = 2> <Delay = 7.30>
ST_3 : Operation 21 [1/1] (0.00ns)   --->   "%gmem_addr = getelementptr i32 %gmem, i64 %sext_ln554_cast" [../src_hls/Prj.cpp:554->../src_hls/Prj.cpp:581]   --->   Operation 21 'getelementptr' 'gmem_addr' <Predicate = true> <Delay = 0.00>
ST_3 : Operation 22 [1/1] (0.00ns)   --->   "%specpipeline_ln556 = specpipeline void @_ssdm_op_SpecPipeline, i32 1, i32 0, i32 0, i32 0, void @empty_4" [../src_hls/Prj.cpp:556->../src_hls/Prj.cpp:581]   --->   Operation 22 'specpipeline' 'specpipeline_ln556' <Predicate = true> <Delay = 0.00>
ST_3 : Operation 23 [1/1] (0.00ns)   --->   "%speclooptripcount_ln555 = speclooptripcount void @_ssdm_op_SpecLoopTripCount, i64 1000, i64 1000, i64 1000" [../src_hls/Prj.cpp:555->../src_hls/Prj.cpp:581]   --->   Operation 23 'speclooptripcount' 'speclooptripcount_ln555' <Predicate = true> <Delay = 0.00>
ST_3 : Operation 24 [1/1] (0.00ns)   --->   "%specloopname_ln554 = specloopname void @_ssdm_op_SpecLoopName, void @empty_9" [../src_hls/Prj.cpp:554->../src_hls/Prj.cpp:581]   --->   Operation 24 'specloopname' 'specloopname_ln554' <Predicate = true> <Delay = 0.00>
ST_3 : Operation 25 [1/1] (7.30ns)   --->   "%write_ln557 = write void @_ssdm_op_Write.m_axi.p1i32, i32 %gmem_addr, i32 %bwsup_stream_out_read, i4 15" [../src_hls/Prj.cpp:557->../src_hls/Prj.cpp:581]   --->   Operation 25 'write' 'write_ln557' <Predicate = true> <Delay = 7.30> <CoreInst = "m_axi">   --->   Core 113 'm_axi' <Latency = 0> <II = 1> <Delay = 1.00> <Adapter> <Opcode : 'read' 'write' 'readreq' 'writereq' 'writeresp'>
ST_3 : Operation 26 [1/1] (0.00ns)   --->   "%br_ln554 = br void %for.body.i6" [../src_hls/Prj.cpp:554->../src_hls/Prj.cpp:581]   --->   Operation 26 'br' 'br_ln554' <Predicate = true> <Delay = 0.00>


============================================================
+ Verbose Summary: Timing violations
============================================================
Target clock period: 10.000ns, clock uncertainty: 2.700ns.

 <State 1>: 5.887ns
The critical path consists of the following:
	'store' operation 0 bit ('store_ln554', ../src_hls/Prj.cpp:554->../src_hls/Prj.cpp:581) of constant 0 on local variable 'j', ../src_hls/Prj.cpp:554->../src_hls/Prj.cpp:581 [11]  (1.610 ns)
	'load' operation 31 bit ('j', ../src_hls/Prj.cpp:554->../src_hls/Prj.cpp:581) on local variable 'j', ../src_hls/Prj.cpp:554->../src_hls/Prj.cpp:581 [14]  (0.000 ns)
	'add' operation 31 bit ('add_ln554', ../src_hls/Prj.cpp:554->../src_hls/Prj.cpp:581) [17]  (2.667 ns)
	'store' operation 0 bit ('store_ln554', ../src_hls/Prj.cpp:554->../src_hls/Prj.cpp:581) of variable 'add_ln554', ../src_hls/Prj.cpp:554->../src_hls/Prj.cpp:581 on local variable 'j', ../src_hls/Prj.cpp:554->../src_hls/Prj.cpp:581 [26]  (1.610 ns)

 <State 2>: 3.650ns
The critical path consists of the following:
	fifo read operation ('bwsup_stream_out_read', ../src_hls/Prj.cpp:557->../src_hls/Prj.cpp:581) on port 'bwsup_stream_out' (../src_hls/Prj.cpp:557->../src_hls/Prj.cpp:581) [24]  (3.650 ns)

 <State 3>: 7.300ns
The critical path consists of the following:
	'getelementptr' operation 32 bit ('gmem_addr', ../src_hls/Prj.cpp:554->../src_hls/Prj.cpp:581) [20]  (0.000 ns)
	bus write operation ('write_ln557', ../src_hls/Prj.cpp:557->../src_hls/Prj.cpp:581) on port 'gmem' (../src_hls/Prj.cpp:557->../src_hls/Prj.cpp:581) [25]  (7.300 ns)


============================================================
+ Verbose Summary: Binding
============================================================
N/A
* FSMD analyzer results:
  - Output states:
 - Input state : 
  - Chain level:
	State 1
	State 2
	State 3


============================================================
+ Verbose Summary: Datapath Resource usage 
============================================================
N/A
