../src_hls/Prj.cpp:483:9: warning: HLS pragma dump _XLX_SEP_ PragmaIsValid=1_XLX_SEP_ PragmaType=inline_XLX_SEP_ PragmaContext=_XLX_SEP_ PragmaFunction=stream_Wij_XLX_SEP_ PragmaOptions=_XLX_SEP_ [-Wdump-hls-pragmas]
#pragma HLS INLINE
        ^
../src_hls/Prj.cpp:486:9: warning: HLS pragma dump _XLX_SEP_ PragmaIsValid=1_XLX_SEP_ PragmaType=loop_tripcount_XLX_SEP_ PragmaContext=_XLX_SEP_ PragmaFunction=stream_Wij_XLX_SEP_ PragmaOptions=min = 1000 max = 1000_XLX_SEP_ [-Wdump-hls-pragmas]
#pragma HLS LOOP_TRIPCOUNT min = 1000 max = 1000
        ^
../src_hls/Prj.cpp:489:9: warning: HLS pragma dump _XLX_SEP_ PragmaIsValid=1_XLX_SEP_ PragmaType=loop_tripcount_XLX_SEP_ PragmaContext=_XLX_SEP_ PragmaFunction=stream_Wij_XLX_SEP_ PragmaOptions=min = 1000 max = 1000_XLX_SEP_ [-Wdump-hls-pragmas]
#pragma HLS LOOP_TRIPCOUNT min = 1000 max = 1000
        ^
../src_hls/Prj.cpp:490:9: warning: HLS pragma dump _XLX_SEP_ PragmaIsValid=1_XLX_SEP_ PragmaType=pipeline_XLX_SEP_ PragmaContext=_XLX_SEP_ PragmaFunction=stream_Wij_XLX_SEP_ PragmaOptions=II=1_XLX_SEP_ [-Wdump-hls-pragmas]
#pragma HLS PIPELINE II=1
        ^
../src_hls/Prj.cpp:498:9: warning: HLS pragma dump _XLX_SEP_ PragmaIsValid=1_XLX_SEP_ PragmaType=inline_XLX_SEP_ PragmaContext=_XLX_SEP_ PragmaFunction=stream_Xi_XLX_SEP_ PragmaOptions=_XLX_SEP_ [-Wdump-hls-pragmas]
#pragma HLS INLINE
        ^
../src_hls/Prj.cpp:501:9: warning: HLS pragma dump _XLX_SEP_ PragmaIsValid=1_XLX_SEP_ PragmaType=loop_tripcount_XLX_SEP_ PragmaContext=_XLX_SEP_ PragmaFunction=stream_Xi_XLX_SEP_ PragmaOptions=min = 1000 max = 1000_XLX_SEP_ [-Wdump-hls-pragmas]
#pragma HLS LOOP_TRIPCOUNT min = 1000 max = 1000
        ^
../src_hls/Prj.cpp:502:9: warning: HLS pragma dump _XLX_SEP_ PragmaIsValid=1_XLX_SEP_ PragmaType=pipeline_XLX_SEP_ PragmaContext=_XLX_SEP_ PragmaFunction=stream_Xi_XLX_SEP_ PragmaOptions=II=1_XLX_SEP_ [-Wdump-hls-pragmas]
#pragma HLS PIPELINE II=1
        ^
../src_hls/Prj.cpp:509:9: warning: HLS pragma dump _XLX_SEP_ PragmaIsValid=1_XLX_SEP_ PragmaType=inline_XLX_SEP_ PragmaContext=_XLX_SEP_ PragmaFunction=stream_Bj_XLX_SEP_ PragmaOptions=_XLX_SEP_ [-Wdump-hls-pragmas]
#pragma HLS INLINE
        ^
../src_hls/Prj.cpp:512:9: warning: HLS pragma dump _XLX_SEP_ PragmaIsValid=1_XLX_SEP_ PragmaType=loop_tripcount_XLX_SEP_ PragmaContext=_XLX_SEP_ PragmaFunction=stream_Bj_XLX_SEP_ PragmaOptions=min = 1000 max = 1000_XLX_SEP_ [-Wdump-hls-pragmas]
#pragma HLS LOOP_TRIPCOUNT min = 1000 max = 1000
        ^
../src_hls/Prj.cpp:513:9: warning: HLS pragma dump _XLX_SEP_ PragmaIsValid=1_XLX_SEP_ PragmaType=pipeline_XLX_SEP_ PragmaContext=_XLX_SEP_ PragmaFunction=stream_Bj_XLX_SEP_ PragmaOptions=II=1_XLX_SEP_ [-Wdump-hls-pragmas]
#pragma HLS PIPELINE II=1
        ^
../src_hls/Prj.cpp:520:9: warning: HLS pragma dump _XLX_SEP_ PragmaIsValid=1_XLX_SEP_ PragmaType=inline_XLX_SEP_ PragmaContext=_XLX_SEP_ PragmaFunction=stream_bwsup_XLX_SEP_ PragmaOptions=_XLX_SEP_ [-Wdump-hls-pragmas]
#pragma HLS INLINE
        ^
../src_hls/Prj.cpp:523:9: warning: HLS pragma dump _XLX_SEP_ PragmaIsValid=1_XLX_SEP_ PragmaType=loop_tripcount_XLX_SEP_ PragmaContext=_XLX_SEP_ PragmaFunction=stream_bwsup_XLX_SEP_ PragmaOptions=min = 1000 max = 1000_XLX_SEP_ [-Wdump-hls-pragmas]
#pragma HLS LOOP_TRIPCOUNT min = 1000 max = 1000
        ^
../src_hls/Prj.cpp:524:9: warning: HLS pragma dump _XLX_SEP_ PragmaIsValid=1_XLX_SEP_ PragmaType=pipeline_XLX_SEP_ PragmaContext=_XLX_SEP_ PragmaFunction=stream_bwsup_XLX_SEP_ PragmaOptions=II=1_XLX_SEP_ [-Wdump-hls-pragmas]
#pragma HLS PIPELINE II=1
        ^
../src_hls/Prj.cpp:531:9: warning: HLS pragma dump _XLX_SEP_ PragmaIsValid=1_XLX_SEP_ PragmaType=inline_XLX_SEP_ PragmaContext=_XLX_SEP_ PragmaFunction=compute_depolarize_XLX_SEP_ PragmaOptions=_XLX_SEP_ [-Wdump-hls-pragmas]
#pragma HLS INLINE
        ^
../src_hls/Prj.cpp:534:9: warning: HLS pragma dump _XLX_SEP_ PragmaIsValid=1_XLX_SEP_ PragmaType=loop_tripcount_XLX_SEP_ PragmaContext=_XLX_SEP_ PragmaFunction=compute_depolarize_XLX_SEP_ PragmaOptions=min = 1000 max = 1000_XLX_SEP_ [-Wdump-hls-pragmas]
#pragma HLS LOOP_TRIPCOUNT min = 1000 max = 1000
        ^
../src_hls/Prj.cpp:538:9: warning: HLS pragma dump _XLX_SEP_ PragmaIsValid=1_XLX_SEP_ PragmaType=loop_tripcount_XLX_SEP_ PragmaContext=_XLX_SEP_ PragmaFunction=compute_depolarize_XLX_SEP_ PragmaOptions=min = 1000 max = 1000_XLX_SEP_ [-Wdump-hls-pragmas]
#pragma HLS LOOP_TRIPCOUNT min = 1000 max = 1000
        ^
../src_hls/Prj.cpp:539:9: warning: HLS pragma dump _XLX_SEP_ PragmaIsValid=1_XLX_SEP_ PragmaType=pipeline_XLX_SEP_ PragmaContext=_XLX_SEP_ PragmaFunction=compute_depolarize_XLX_SEP_ PragmaOptions=II=5_XLX_SEP_ [-Wdump-hls-pragmas]
#pragma HLS PIPELINE II=5
        ^
../src_hls/Prj.cpp:552:9: warning: HLS pragma dump _XLX_SEP_ PragmaIsValid=1_XLX_SEP_ PragmaType=inline_XLX_SEP_ PragmaContext=_XLX_SEP_ PragmaFunction=store_bwsup_XLX_SEP_ PragmaOptions=_XLX_SEP_ [-Wdump-hls-pragmas]
#pragma HLS INLINE
        ^
../src_hls/Prj.cpp:555:9: warning: HLS pragma dump _XLX_SEP_ PragmaIsValid=1_XLX_SEP_ PragmaType=loop_tripcount_XLX_SEP_ PragmaContext=_XLX_SEP_ PragmaFunction=store_bwsup_XLX_SEP_ PragmaOptions=min = 1000 max = 1000_XLX_SEP_ [-Wdump-hls-pragmas]
#pragma HLS LOOP_TRIPCOUNT min = 1000 max = 1000
        ^
../src_hls/Prj.cpp:556:9: warning: HLS pragma dump _XLX_SEP_ PragmaIsValid=1_XLX_SEP_ PragmaType=pipeline_XLX_SEP_ PragmaContext=_XLX_SEP_ PragmaFunction=store_bwsup_XLX_SEP_ PragmaOptions=II=1_XLX_SEP_ [-Wdump-hls-pragmas]
#pragma HLS PIPELINE II=1
        ^
/home/miahafiz/BCPNN_HLS/HLS_Proj/depolarize_hls/solution1/csynth.tcl:17:9: warning: HLS pragma dump _XLX_SEP_ PragmaIsValid=1_XLX_SEP_ PragmaType=top_XLX_SEP_ PragmaContext=directive_XLX_SEP_ PragmaFunction=depolarize_hls_XLX_SEP_ PragmaOptions=name=depolarize_hls_XLX_SEP_ [-Wdump-hls-pragmas]
#pragma HLSDIRECTIVE TOP name=depolarize_hls
        ^
../src_hls/Prj.cpp:562:9: warning: HLS pragma dump _XLX_SEP_ PragmaIsValid=1_XLX_SEP_ PragmaType=interface_XLX_SEP_ PragmaContext=_XLX_SEP_ PragmaFunction=depolarize_hls_XLX_SEP_ PragmaOptions=m_axi port=d_bwsup depth=1000_XLX_SEP_ [-Wdump-hls-pragmas]
#pragma HLS INTERFACE m_axi port=d_bwsup depth=1000
        ^
../src_hls/Prj.cpp:563:9: warning: HLS pragma dump _XLX_SEP_ PragmaIsValid=1_XLX_SEP_ PragmaType=interface_XLX_SEP_ PragmaContext=_XLX_SEP_ PragmaFunction=depolarize_hls_XLX_SEP_ PragmaOptions=m_axi port=d_Wij depth=1000000_XLX_SEP_ [-Wdump-hls-pragmas]
#pragma HLS INTERFACE m_axi port=d_Wij depth=1000000
        ^
../src_hls/Prj.cpp:564:9: warning: HLS pragma dump _XLX_SEP_ PragmaIsValid=1_XLX_SEP_ PragmaType=interface_XLX_SEP_ PragmaContext=_XLX_SEP_ PragmaFunction=depolarize_hls_XLX_SEP_ PragmaOptions=m_axi port=d_Xi depth=1000_XLX_SEP_ [-Wdump-hls-pragmas]
#pragma HLS INTERFACE m_axi port=d_Xi depth=1000
        ^
../src_hls/Prj.cpp:565:9: warning: HLS pragma dump _XLX_SEP_ PragmaIsValid=1_XLX_SEP_ PragmaType=interface_XLX_SEP_ PragmaContext=_XLX_SEP_ PragmaFunction=depolarize_hls_XLX_SEP_ PragmaOptions=m_axi port=d_Bj depth=1000_XLX_SEP_ [-Wdump-hls-pragmas]
#pragma HLS INTERFACE m_axi port=d_Bj depth=1000
        ^
../src_hls/Prj.cpp:576:34: warning: unexpected pragma argument 'compute_depolarize', expects function/operation [-Winvalid-hls-pragmas]
#pragma HLS ALLOCATION instances=compute_depolarize limit=2
                                 ^
../src_hls/Prj.cpp:576:9: warning: HLS pragma dump _XLX_SEP_ PragmaIsValid=0_XLX_SEP_ PragmaType=allocation_XLX_SEP_ PragmaContext=_XLX_SEP_ PragmaFunction=depolarize_hls_XLX_SEP_ PragmaOptions=instances=compute_depolarize_XLX_SEP_ [-Wdump-hls-pragmas]
#pragma HLS ALLOCATION instances=compute_depolarize limit=2
        ^
../src_hls/Prj.cpp:611:78: warning: unused parameter 'eps' [-Wunused-parameter]
void updpij_kernel_cpu(float *xi, float *xj, float *pij, float taupdt, float eps, int Ni, int Nj, float PRN) {
                                                                             ^
../src_hls/Prj.cpp:629:151: warning: unused parameter 'eps' [-Wunused-parameter]
void updbw_kernel_cpu(float p, float* pi, float* pj, float* pij, float* bj, float* wij, int* wconnij, float bgain, float wgain, int Ni, int Nj, float eps) {
                                                                                                                                                      ^
../src_hls/Prj.cpp:826:30: warning: unused parameter 'field' [-Wunused-parameter]
void LSGD::store(std::string field, FILE* f) {
                             ^
../src_hls/Prj.cpp:826:43: warning: unused parameter 'f' [-Wunused-parameter]
void LSGD::store(std::string field, FILE* f) {
                                          ^
31 warnings generated.
