Copyright 1986-2022 Xilinx, Inc. All Rights Reserved. Copyright 2022-2023 Advanced Micro Devices, Inc. All Rights Reserved.
---------------------------------------------------------------------------------------------------------------------------------------------
| Tool Version : Vivado v.2023.2 (lin64) Build 4029153 Fri Oct 13 20:13:54 MDT 2023
| Date         : Thu Apr 25 17:04:26 2024
| Host         : miahafiz running 64-bit Ubuntu 22.04.4 LTS
| Command      : report_utilization -hierarchical -hierarchical_depth 6 -file ./report/depolarize_hls_utilization_hierarchical_routed.rpt
| Design       : bd_0_wrapper
| Device       : xc7a200tfbg484-1
| Speed File   : -1
| Design State : Routed
---------------------------------------------------------------------------------------------------------------------------------------------

Utilization Design Information

Table of Contents
-----------------
1. Utilization by Hierarchy

1. Utilization by Hierarchy
---------------------------

+-------------------------------------------------------------------------------+---------------------------------------------------------------------------------------+------------+------------+---------+------+------+--------+--------+------------+
|                                    Instance                                   |                                         Module                                        | Total LUTs | Logic LUTs | LUTRAMs | SRLs |  FFs | RAMB36 | RAMB18 | DSP Blocks |
+-------------------------------------------------------------------------------+---------------------------------------------------------------------------------------+------------+------------+---------+------+------+--------+--------+------------+
| bd_0_wrapper                                                                  |                                                                                 (top) |       3118 |       2956 |       0 |  162 | 4826 |      0 |      2 |         12 |
|   bd_0_i                                                                      |                                                                                  bd_0 |       3118 |       2956 |       0 |  162 | 4826 |      0 |      2 |         12 |
|     hls_inst                                                                  |                                                                       bd_0_hls_inst_0 |       3118 |       2956 |       0 |  162 | 4826 |      0 |      2 |         12 |
|       (hls_inst)                                                              |                                                                       bd_0_hls_inst_0 |          0 |          0 |       0 |    0 |    0 |      0 |      0 |          0 |
|       U0                                                                      |                                                        bd_0_hls_inst_0_depolarize_hls |       3118 |       2956 |       0 |  162 | 4826 |      0 |      2 |         12 |
|         (U0)                                                                  |                                                        bd_0_hls_inst_0_depolarize_hls |         39 |         39 |       0 |    0 |  923 |      0 |      0 |          0 |
|         Bj_stream_fifo_U                                                      |                                          bd_0_hls_inst_0_depolarize_hls_fifo_w32_d2_S |         35 |         35 |       0 |    0 |   68 |      0 |      0 |          0 |
|           (Bj_stream_fifo_U)                                                  |                                          bd_0_hls_inst_0_depolarize_hls_fifo_w32_d2_S |          3 |          3 |       0 |    0 |    4 |      0 |      0 |          0 |
|           U_depolarize_hls_fifo_w32_d2_S_ShiftReg                             |                             bd_0_hls_inst_0_depolarize_hls_fifo_w32_d2_S_ShiftReg_109 |         32 |         32 |       0 |    0 |   64 |      0 |      0 |          0 |
|         Wij_stream_fifo_U                                                     |                                        bd_0_hls_inst_0_depolarize_hls_fifo_w32_d2_S_0 |         35 |         35 |       0 |    0 |   68 |      0 |      0 |          0 |
|           (Wij_stream_fifo_U)                                                 |                                        bd_0_hls_inst_0_depolarize_hls_fifo_w32_d2_S_0 |          3 |          3 |       0 |    0 |    4 |      0 |      0 |          0 |
|           U_depolarize_hls_fifo_w32_d2_S_ShiftReg                             |                             bd_0_hls_inst_0_depolarize_hls_fifo_w32_d2_S_ShiftReg_108 |         32 |         32 |       0 |    0 |   64 |      0 |      0 |          0 |
|         Xi_stream_fifo_U                                                      |                                        bd_0_hls_inst_0_depolarize_hls_fifo_w32_d2_S_1 |         35 |         35 |       0 |    0 |   68 |      0 |      0 |          0 |
|           (Xi_stream_fifo_U)                                                  |                                        bd_0_hls_inst_0_depolarize_hls_fifo_w32_d2_S_1 |          3 |          3 |       0 |    0 |    4 |      0 |      0 |          0 |
|           U_depolarize_hls_fifo_w32_d2_S_ShiftReg                             |                             bd_0_hls_inst_0_depolarize_hls_fifo_w32_d2_S_ShiftReg_107 |         32 |         32 |       0 |    0 |   64 |      0 |      0 |          0 |
|         bwsup_stream_fifo_U                                                   |                                        bd_0_hls_inst_0_depolarize_hls_fifo_w32_d2_S_2 |         47 |         47 |       0 |    0 |   68 |      0 |      0 |          0 |
|           (bwsup_stream_fifo_U)                                               |                                        bd_0_hls_inst_0_depolarize_hls_fifo_w32_d2_S_2 |         15 |         15 |       0 |    0 |    4 |      0 |      0 |          0 |
|           U_depolarize_hls_fifo_w32_d2_S_ShiftReg                             |                             bd_0_hls_inst_0_depolarize_hls_fifo_w32_d2_S_ShiftReg_106 |         32 |         32 |       0 |    0 |   64 |      0 |      0 |          0 |
|         bwsup_stream_out_fifo_U                                               |                                        bd_0_hls_inst_0_depolarize_hls_fifo_w32_d2_S_3 |         39 |         39 |       0 |    0 |   68 |      0 |      0 |          0 |
|           (bwsup_stream_out_fifo_U)                                           |                                        bd_0_hls_inst_0_depolarize_hls_fifo_w32_d2_S_3 |          6 |          6 |       0 |    0 |    4 |      0 |      0 |          0 |
|           U_depolarize_hls_fifo_w32_d2_S_ShiftReg                             |                                 bd_0_hls_inst_0_depolarize_hls_fifo_w32_d2_S_ShiftReg |         33 |         33 |       0 |    0 |   64 |      0 |      0 |          0 |
|         control_s_axi_U                                                       |                                          bd_0_hls_inst_0_depolarize_hls_control_s_axi |        209 |        209 |       0 |    0 |  299 |      0 |      0 |          0 |
|         fadd_32ns_32ns_32_7_full_dsp_1_U30                                    |                         bd_0_hls_inst_0_depolarize_hls_fadd_32ns_32ns_32_7_full_dsp_1 |        166 |        166 |       0 |    0 |  286 |      0 |      0 |          2 |
|           (fadd_32ns_32ns_32_7_full_dsp_1_U30)                                |                         bd_0_hls_inst_0_depolarize_hls_fadd_32ns_32ns_32_7_full_dsp_1 |          0 |          0 |       0 |    0 |   64 |      0 |      0 |          0 |
|           depolarize_hls_fadd_32ns_32ns_32_7_full_dsp_1_ip_u                  |                      bd_0_hls_inst_0_depolarize_hls_fadd_32ns_32ns_32_7_full_dsp_1_ip |        166 |        166 |       0 |    0 |  222 |      0 |      0 |          2 |
|             inst                                                              |                                bd_0_hls_inst_0_floating_point_v7_1_16__parameterized0 |        166 |        166 |       0 |    0 |  222 |      0 |      0 |          2 |
|         fmul_32ns_32ns_32_4_max_dsp_1_U31                                     |                          bd_0_hls_inst_0_depolarize_hls_fmul_32ns_32ns_32_4_max_dsp_1 |         88 |         88 |       0 |    0 |  144 |      0 |      0 |          3 |
|           (fmul_32ns_32ns_32_4_max_dsp_1_U31)                                 |                          bd_0_hls_inst_0_depolarize_hls_fmul_32ns_32ns_32_4_max_dsp_1 |         16 |         16 |       0 |    0 |   97 |      0 |      0 |          0 |
|           depolarize_hls_fmul_32ns_32ns_32_4_max_dsp_1_ip_u                   |                       bd_0_hls_inst_0_depolarize_hls_fmul_32ns_32ns_32_4_max_dsp_1_ip |         72 |         72 |       0 |    0 |   47 |      0 |      0 |          3 |
|             inst                                                              |                                bd_0_hls_inst_0_floating_point_v7_1_16__parameterized1 |         72 |         72 |       0 |    0 |   47 |      0 |      0 |          3 |
|         gmem_m_axi_U                                                          |                                             bd_0_hls_inst_0_depolarize_hls_gmem_m_axi |       1458 |       1301 |       0 |  157 | 1925 |      0 |      2 |          0 |
|           bus_read                                                            |                                        bd_0_hls_inst_0_depolarize_hls_gmem_m_axi_read |        381 |        380 |       0 |    1 |  616 |      0 |      0 |          0 |
|             fifo_burst                                                        |                     bd_0_hls_inst_0_depolarize_hls_gmem_m_axi_fifo__parameterized6_40 |         15 |         14 |       0 |    1 |   13 |      0 |      0 |          0 |
|             fifo_rctl                                                         |                     bd_0_hls_inst_0_depolarize_hls_gmem_m_axi_fifo__parameterized6_41 |          8 |          8 |       0 |    0 |    8 |      0 |      0 |          0 |
|             rreq_burst_conv                                                   |                          bd_0_hls_inst_0_depolarize_hls_gmem_m_axi_burst_converter_42 |        319 |        319 |       0 |    0 |  524 |      0 |      0 |          0 |
|             rs_rdata                                                          |                   bd_0_hls_inst_0_depolarize_hls_gmem_m_axi_reg_slice__parameterized1 |         39 |         39 |       0 |    0 |   71 |      0 |      0 |          0 |
|           bus_write                                                           |                                       bd_0_hls_inst_0_depolarize_hls_gmem_m_axi_write |        542 |        483 |       0 |   59 |  838 |      0 |      0 |          0 |
|             (bus_write)                                                       |                                       bd_0_hls_inst_0_depolarize_hls_gmem_m_axi_write |          6 |          6 |       0 |    0 |   10 |      0 |      0 |          0 |
|             fifo_burst                                                        |                       bd_0_hls_inst_0_depolarize_hls_gmem_m_axi_fifo__parameterized10 |         25 |         21 |       0 |    4 |   16 |      0 |      0 |          0 |
|             fifo_resp                                                         |                     bd_0_hls_inst_0_depolarize_hls_gmem_m_axi_fifo__parameterized6_38 |         15 |         14 |       0 |    1 |   13 |      0 |      0 |          0 |
|             rs_resp                                                           |                   bd_0_hls_inst_0_depolarize_hls_gmem_m_axi_reg_slice__parameterized5 |          4 |          4 |       0 |    0 |    5 |      0 |      0 |          0 |
|             wreq_burst_conv                                                   |                             bd_0_hls_inst_0_depolarize_hls_gmem_m_axi_burst_converter |        320 |        320 |       0 |    0 |  524 |      0 |      0 |          0 |
|             wreq_throttl                                                      |                                    bd_0_hls_inst_0_depolarize_hls_gmem_m_axi_throttle |        173 |        119 |       0 |   54 |  270 |      0 |      0 |          0 |
|           load_unit                                                           |                                        bd_0_hls_inst_0_depolarize_hls_gmem_m_axi_load |        352 |        304 |       0 |   48 |  234 |      0 |      1 |          0 |
|             (load_unit)                                                       |                                        bd_0_hls_inst_0_depolarize_hls_gmem_m_axi_load |          1 |          1 |       0 |    0 |   94 |      0 |      0 |          0 |
|             buff_rdata                                                        |                        bd_0_hls_inst_0_depolarize_hls_gmem_m_axi_fifo__parameterized1 |         44 |         44 |       0 |    0 |   36 |      0 |      1 |          0 |
|             fifo_rreq                                                         |                                     bd_0_hls_inst_0_depolarize_hls_gmem_m_axi_fifo_36 |        308 |        260 |       0 |   48 |  104 |      0 |      0 |          0 |
|           store_unit                                                          |                                       bd_0_hls_inst_0_depolarize_hls_gmem_m_axi_store |        184 |        135 |       0 |   49 |  237 |      0 |      1 |          0 |
|             (store_unit)                                                      |                                       bd_0_hls_inst_0_depolarize_hls_gmem_m_axi_store |          1 |          1 |       0 |    0 |   93 |      0 |      0 |          0 |
|             buff_wdata                                                        |                        bd_0_hls_inst_0_depolarize_hls_gmem_m_axi_fifo__parameterized4 |         10 |         10 |       0 |    0 |   20 |      0 |      1 |          0 |
|             fifo_wreq                                                         |                                        bd_0_hls_inst_0_depolarize_hls_gmem_m_axi_fifo |        148 |        100 |       0 |   48 |  104 |      0 |      0 |          0 |
|             fifo_wrsp                                                         |                        bd_0_hls_inst_0_depolarize_hls_gmem_m_axi_fifo__parameterized6 |         18 |         17 |       0 |    1 |   13 |      0 |      0 |          0 |
|             user_resp                                                         |                        bd_0_hls_inst_0_depolarize_hls_gmem_m_axi_fifo__parameterized8 |          9 |          9 |       0 |    0 |    7 |      0 |      0 |          0 |
|         grp_depolarize_hls_Pipeline_computeRow_fu_293                         |                     bd_0_hls_inst_0_depolarize_hls_depolarize_hls_Pipeline_computeRow |        600 |        595 |       0 |    5 |  485 |      0 |      0 |          0 |
|           (grp_depolarize_hls_Pipeline_computeRow_fu_293)                     |                     bd_0_hls_inst_0_depolarize_hls_depolarize_hls_Pipeline_computeRow |        143 |        143 |       0 |    0 |  204 |      0 |      0 |          0 |
|           fadd_32ns_32ns_32_6_no_dsp_1_U17                                    |                           bd_0_hls_inst_0_depolarize_hls_fadd_32ns_32ns_32_6_no_dsp_1 |        402 |        397 |       0 |    5 |  279 |      0 |      0 |          0 |
|             (fadd_32ns_32ns_32_6_no_dsp_1_U17)                                |                           bd_0_hls_inst_0_depolarize_hls_fadd_32ns_32ns_32_6_no_dsp_1 |          3 |          3 |       0 |    0 |   97 |      0 |      0 |          0 |
|             depolarize_hls_fadd_32ns_32ns_32_6_no_dsp_1_ip_u                  |                        bd_0_hls_inst_0_depolarize_hls_fadd_32ns_32ns_32_6_no_dsp_1_ip |        399 |        394 |       0 |    5 |  182 |      0 |      0 |          0 |
|           flow_control_loop_pipe_sequential_init_U                            |               bd_0_hls_inst_0_depolarize_hls_flow_control_loop_pipe_sequential_init_8 |         56 |         56 |       0 |    0 |    2 |      0 |      0 |          0 |
|         grp_depolarize_hls_Pipeline_read_Bj_fu_284                            |                        bd_0_hls_inst_0_depolarize_hls_depolarize_hls_Pipeline_read_Bj |         63 |         63 |       0 |    0 |   68 |      0 |      0 |          0 |
|           (grp_depolarize_hls_Pipeline_read_Bj_fu_284)                        |                        bd_0_hls_inst_0_depolarize_hls_depolarize_hls_Pipeline_read_Bj |          3 |          3 |       0 |    0 |   66 |      0 |      0 |          0 |
|           flow_control_loop_pipe_sequential_init_U                            |               bd_0_hls_inst_0_depolarize_hls_flow_control_loop_pipe_sequential_init_7 |         61 |         61 |       0 |    0 |    2 |      0 |      0 |          0 |
|         grp_depolarize_hls_Pipeline_read_Wij_first_read_Wij_second_fu_266     | bd_0_hls_inst_0_depolarize_hls_depolarize_hls_Pipeline_read_Wij_first_read_Wij_second |         36 |         36 |       0 |    0 |  101 |      0 |      0 |          0 |
|           (grp_depolarize_hls_Pipeline_read_Wij_first_read_Wij_second_fu_266) | bd_0_hls_inst_0_depolarize_hls_depolarize_hls_Pipeline_read_Wij_first_read_Wij_second |         31 |         31 |       0 |    0 |   99 |      0 |      0 |          0 |
|           flow_control_loop_pipe_sequential_init_U                            |               bd_0_hls_inst_0_depolarize_hls_flow_control_loop_pipe_sequential_init_6 |          6 |          6 |       0 |    0 |    2 |      0 |      0 |          0 |
|         grp_depolarize_hls_Pipeline_read_Xi_fu_275                            |                        bd_0_hls_inst_0_depolarize_hls_depolarize_hls_Pipeline_read_Xi |         78 |         78 |       0 |    0 |   68 |      0 |      0 |          0 |
|           (grp_depolarize_hls_Pipeline_read_Xi_fu_275)                        |                        bd_0_hls_inst_0_depolarize_hls_depolarize_hls_Pipeline_read_Xi |          6 |          6 |       0 |    0 |   66 |      0 |      0 |          0 |
|           flow_control_loop_pipe_sequential_init_U                            |               bd_0_hls_inst_0_depolarize_hls_flow_control_loop_pipe_sequential_init_5 |         73 |         73 |       0 |    0 |    2 |      0 |      0 |          0 |
|         grp_depolarize_hls_Pipeline_read_bwsup_fu_257                         |                     bd_0_hls_inst_0_depolarize_hls_depolarize_hls_Pipeline_read_bwsup |         66 |         66 |       0 |    0 |   68 |      0 |      0 |          0 |
|           (grp_depolarize_hls_Pipeline_read_bwsup_fu_257)                     |                     bd_0_hls_inst_0_depolarize_hls_depolarize_hls_Pipeline_read_bwsup |          5 |          5 |       0 |    0 |   66 |      0 |      0 |          0 |
|           flow_control_loop_pipe_sequential_init_U                            |               bd_0_hls_inst_0_depolarize_hls_flow_control_loop_pipe_sequential_init_4 |         62 |         62 |       0 |    0 |    2 |      0 |      0 |          0 |
|         grp_depolarize_hls_Pipeline_store_bwsup_fu_303                        |                    bd_0_hls_inst_0_depolarize_hls_depolarize_hls_Pipeline_store_bwsup |         64 |         64 |       0 |    0 |   68 |      0 |      0 |          0 |
|           (grp_depolarize_hls_Pipeline_store_bwsup_fu_303)                    |                    bd_0_hls_inst_0_depolarize_hls_depolarize_hls_Pipeline_store_bwsup |          4 |          4 |       0 |    0 |   66 |      0 |      0 |          0 |
|           flow_control_loop_pipe_sequential_init_U                            |                 bd_0_hls_inst_0_depolarize_hls_flow_control_loop_pipe_sequential_init |         61 |         61 |       0 |    0 |    2 |      0 |      0 |          0 |
|         mul_31ns_32ns_63_2_1_U32                                              |                                   bd_0_hls_inst_0_depolarize_hls_mul_31ns_32ns_63_2_1 |         46 |         46 |       0 |    0 |   34 |      0 |      0 |          4 |
|         mul_32s_32s_32_2_1_U33                                                |                                     bd_0_hls_inst_0_depolarize_hls_mul_32s_32s_32_2_1 |         15 |         15 |       0 |    0 |   17 |      0 |      0 |          3 |
+-------------------------------------------------------------------------------+---------------------------------------------------------------------------------------+------------+------------+---------+------+------+--------+--------+------------+
* Note: The sum of lower-level cells may be larger than their parent cells total, due to cross-hierarchy LUT combining


